<?xml version="1.0" encoding="UTF-8" standalone="no"?>
<testsuite errors="0" failures="3" name="io.cucumber.core.plugin.JUnitFormatter" skipped="0" tests="22" time="1,433.815">
<testcase classname="Registeration|| user could register to the site" name="user could register entering valid data" time="70.713">
<system-out><![CDATA[And user navigate to home page..............................................passed
And user click register.....................................................passed
When user fills gender"female" fname"Nada" lname"Magdi" day"10" month"9" year"1998" email"test9778@gmail.com" valid data.passed
And user fills valid password "Qwert6613" confirm "Qwert6613"...............passed
And user clicks register button.............................................passed
Then success message is displayed...........................................passed
]]></system-out>
</testcase>
<testcase classname="Login|| user could login to the site" name="user could login with valid data" time="37.562">
<system-out><![CDATA[Given user navigate to Home page............................................passed
And user click on login.....................................................passed
When user enter valid "test133@gmail.com" and valid "Qwert6613".............passed
And user clicks login button................................................passed
Then user logged in successfully............................................passed
]]></system-out>
</testcase>
<testcase classname="Login|| user could login to the site" name="user could login with invalid data" time="38.561">
<system-out><![CDATA[Given user navigate to Home page............................................passed
And user click on login.....................................................passed
When user enter valid "test11@ail.com" and valid "613"......................passed
And user clicks login button................................................passed
Then user could not login...................................................passed
]]></system-out>
</testcase>
<testcase classname="Forgot Password|| User could reset his password" name="user could reset his password" time="41.527">
<system-out><![CDATA[Given user navigate to Login page...........................................passed
And user click on forgot password...........................................passed
And user enter his "test133@gmail.com"......................................passed
And user click on recovery..................................................passed
Then email is sent to the user..............................................passed
]]></system-out>
</testcase>
<testcase classname="Search|| User could search of products" name="Logged user could search products" time="57.216">
<system-out><![CDATA[Given user navigate to Home page............................................passed
And user click on login.....................................................passed
When user enter valid "test133@gmail.com" and valid "Qwert6613".............passed
And user clicks login button................................................passed
Then user logged in successfully............................................passed
When user click on search field.............................................passed
And user enter "HTC" to search..............................................passed
Then user find the product and relative products............................passed
]]></system-out>
</testcase>
<testcase classname="Search|| User could search of products" name="Logged user could search products 2" time="50.986">
<system-out><![CDATA[Given user navigate to Home page............................................passed
And user click on login.....................................................passed
When user enter valid "test133@gmail.com" and valid "Qwert6613".............passed
And user clicks login button................................................passed
Then user logged in successfully............................................passed
When user click on search field.............................................passed
And user enter "Apple" to search............................................passed
Then user find the product and relative products............................passed
]]></system-out>
</testcase>
<testcase classname="Search|| User could search of products" name="Logged user could search products 3" time="56.263">
<system-out><![CDATA[Given user navigate to Home page............................................passed
And user click on login.....................................................passed
When user enter valid "test133@gmail.com" and valid "Qwert6613".............passed
And user clicks login button................................................passed
Then user logged in successfully............................................passed
When user click on search field.............................................passed
And user enter "nike" to search.............................................passed
Then user find the product and relative products............................passed
]]></system-out>
</testcase>
<testcase classname="Search|| User could search of products" name="Logged user could search products 4" time="66.561">
<system-out><![CDATA[Given user navigate to Home page............................................passed
And user click on login.....................................................passed
When user enter valid "test133@gmail.com" and valid "Qwert6613".............passed
And user clicks login button................................................passed
Then user logged in successfully............................................passed
When user click on search field.............................................passed
And user enter "SCI_FAITH" to search........................................passed
Then user find "SCI_FAITH" product..........................................passed
]]></system-out>
</testcase>
<testcase classname="Search|| User could search of products" name="Logged user could search products 5" time="69.063">
<system-out><![CDATA[Given user navigate to Home page............................................passed
And user click on login.....................................................passed
When user enter valid "test133@gmail.com" and valid "Qwert6613".............passed
And user clicks login button................................................passed
Then user logged in successfully............................................passed
When user click on search field.............................................passed
And user enter "APPLE_CAM" to search........................................passed
Then user find "APPLE_CAM" product..........................................passed
]]></system-out>
</testcase>
<testcase classname="Search|| User could search of products" name="Logged user could search products 6" time="72.504">
<system-out><![CDATA[Given user navigate to Home page............................................passed
And user click on login.....................................................passed
When user enter valid "test133@gmail.com" and valid "Qwert6613".............passed
And user clicks login button................................................passed
Then user logged in successfully............................................passed
When user click on search field.............................................passed
And user enter "SF_PRO_11" to search........................................passed
Then user find "SF_PRO_11" product..........................................passed
]]></system-out>
</testcase>
<testcase classname="Search|| User could search of products" name="Logged user could search products 7" time="70.157">
<system-out><![CDATA[Given user navigate to Home page............................................passed
And user click on login.....................................................passed
When user enter valid "test133@gmail.com" and valid "Qwert6613".............passed
And user clicks login button................................................passed
Then user logged in successfully............................................passed
When user click on search field.............................................passed
And user enter "AP_MBP_13" to search........................................passed
Then user find "AP_MBP_13" product..........................................passed
]]></system-out>
</testcase>
<testcase classname="Switch Currency|| user could switch between currencies" name="logged user could switch between currencies" time="77.398">
<system-out><![CDATA[Given user navigate to Home page............................................passed
And user click on login.....................................................passed
When user enter valid "test133@gmail.com" and valid "Qwert6613".............passed
And user clicks login button................................................passed
Then user logged in successfully............................................passed
When user choose Euro from dropdown menu....................................passed
Then euro is selected successfully..........................................passed
When user choose USD from dropdown menu.....................................passed
Then usd is selected successfully...........................................passed
]]></system-out>
</testcase>
<testcase classname="Choosing Categories|| User could choose different categories" name="user could choose different categories" time="78.31">
<system-out><![CDATA[Given user navigate to Home page............................................passed
And user click on login.....................................................passed
When user enter valid "test133@gmail.com" and valid "Qwert6613".............passed
And user clicks login button................................................passed
Then user logged in successfully............................................passed
When user select Computer categories then software subcategory..............passed
And user choose Books categories............................................passed
And user select Electronics categories then cell phones subcategory.........passed
And user choose Gift Cards categories.......................................passed
]]></system-out>
</testcase>
<testcase classname="Filter with Color|| User could filter with color" name="user could filter with color" time="54.223">
<system-out><![CDATA[Given user navigate to Home page............................................passed
And user click on login.....................................................passed
When user enter valid "test133@gmail.com" and valid "Qwert6613".............passed
And user clicks login button................................................passed
Then user logged in successfully............................................passed
And user select shoes from apparel..........................................passed
And filter by Red color.....................................................passed
]]></system-out>
</testcase>
<testcase classname="Different Tags|| user could select different tags" name="user could select different tags on the site" time="77.381">
<system-out><![CDATA[Given user navigate to Home page............................................passed
And user click on login.....................................................passed
When user enter valid "test133@gmail.com" and valid "Qwert6613".............passed
And user clicks login button................................................passed
Then user logged in successfully............................................passed
Given navigate to digital downloads.........................................passed
When select cool from popular tags..........................................passed
And select game from popular tags...........................................passed
And select computer from popular tags.......................................passed
]]></system-out>
</testcase>
<testcase classname="Cart || user could add products to Shopping Cart" name="user could add products to the Cart" time="100.684">
<system-out><![CDATA[Given user navigate to Home page............................................passed
And user click on login.....................................................passed
When user enter valid "test133@gmail.com" and valid "Qwert6613".............passed
And user clicks login button................................................passed
Then user logged in successfully............................................passed
Given user go to home page..................................................passed
When user add HTC_M8Android to the cart.....................................passed
And user click add_to_cart button_1.........................................passed
Then success message appears_1..............................................passed
When user add nokia_lumia_1020 to the cart..................................passed
And user click add_to_cart button_2.........................................passed
Then success message appears_2..............................................passed
When user add gift card to the cart.........................................passed
And user fills the mandatory fields.........................................passed
And user click add_to_cart button_3.........................................passed
Then success message appears_3..............................................passed
]]></system-out>
</testcase>
<testcase classname="WishList|| user could add products to the wishlist" name="user could add products to wishlist" time="51.992">
<failure message="element not interactable&#10;  (Session info: chrome=102.0.5005.115)&#10;Build info: version: '4.1.4', revision: '535d840ee2'&#10;System info: host: 'NAYEL', ip: '172.20.32.1', os.name: 'Windows 11', os.arch: 'amd64', os.version: '10.0', java.version: '1.8.0_333'&#10;Driver info: org.openqa.selenium.chrome.ChromeDriver&#10;Command: [a7bdfe9252e8666c37fba3c543457432, clickElement {id=5ec59970-662c-47a7-9272-afc03a8c660f}]&#10;Capabilities {acceptInsecureCerts: false, browserName: chrome, browserVersion: 102.0.5005.115, chrome: {chromedriverVersion: 102.0.5005.61 (0e59bcc00cc4..., userDataDir: C:\Users\Mohamed\AppData\Lo...}, goog:chromeOptions: {debuggerAddress: localhost:51756}, javascriptEnabled: true, networkConnectionEnabled: false, pageLoadStrategy: normal, platform: WINDOWS, platformName: WINDOWS, proxy: Proxy(), se:cdp: ws://localhost:51756/devtoo..., se:cdpVersion: 102.0.5005.115, setWindowRect: true, strictFileInteractability: false, timeouts: {implicit: 0, pageLoad: 300000, script: 30000}, unhandledPromptBehavior: dismiss and notify, webauthn:extension:credBlob: true, webauthn:extension:largeBlob: true, webauthn:virtualAuthenticators: true}&#10;Element: [[ChromeDriver: chrome on WINDOWS (a7bdfe9252e8666c37fba3c543457432)] -&gt; css selector: a[href=&quot;/htc-one-m8-android-l-50-lollipop&quot;]]&#10;Session ID: a7bdfe9252e8666c37fba3c543457432" type="org.openqa.selenium.ElementNotInteractableException"><![CDATA[Given user navigate to Home page............................................passed
And user click on login.....................................................passed
When user enter valid "test133@gmail.com" and valid "Qwert6613".............passed
And user clicks login button................................................passed
Then user logged in successfully............................................passed
When click on HTC_One_M8_Android............................................failed
And add HTC_One_M8_Android to wishlist......................................skipped
Then success message appears__1.............................................skipped
When click on Portable_Sound_Speakers.......................................skipped
And add Portable_Sound_Speakers to wishlist.................................skipped
Then success message appears__2.............................................skipped
When go to digital_downloads................................................skipped
And click on Science_and_Faith..............................................skipped
And fill mandatory field....................................................skipped
And click on add_to_wishlist................................................skipped
Then success message appears__3.............................................skipped

StackTrace:
org.openqa.selenium.ElementNotInteractableException: element not interactable
  (Session info: chrome=102.0.5005.115)
Build info: version: '4.1.4', revision: '535d840ee2'
System info: host: 'NAYEL', ip: '172.20.32.1', os.name: 'Windows 11', os.arch: 'amd64', os.version: '10.0', java.version: '1.8.0_333'
Driver info: org.openqa.selenium.chrome.ChromeDriver
Command: [a7bdfe9252e8666c37fba3c543457432, clickElement {id=5ec59970-662c-47a7-9272-afc03a8c660f}]
Capabilities {acceptInsecureCerts: false, browserName: chrome, browserVersion: 102.0.5005.115, chrome: {chromedriverVersion: 102.0.5005.61 (0e59bcc00cc4..., userDataDir: C:\Users\Mohamed\AppData\Lo...}, goog:chromeOptions: {debuggerAddress: localhost:51756}, javascriptEnabled: true, networkConnectionEnabled: false, pageLoadStrategy: normal, platform: WINDOWS, platformName: WINDOWS, proxy: Proxy(), se:cdp: ws://localhost:51756/devtoo..., se:cdpVersion: 102.0.5005.115, setWindowRect: true, strictFileInteractability: false, timeouts: {implicit: 0, pageLoad: 300000, script: 30000}, unhandledPromptBehavior: dismiss and notify, webauthn:extension:credBlob: true, webauthn:extension:largeBlob: true, webauthn:virtualAuthenticators: true}
Element: [[ChromeDriver: chrome on WINDOWS (a7bdfe9252e8666c37fba3c543457432)] -> css selector: a[href="/htc-one-m8-android-l-50-lollipop"]]
Session ID: a7bdfe9252e8666c37fba3c543457432
	at sun.reflect.NativeConstructorAccessorImpl.newInstance0(Native Method)
	at sun.reflect.NativeConstructorAccessorImpl.newInstance(NativeConstructorAccessorImpl.java:62)
	at sun.reflect.DelegatingConstructorAccessorImpl.newInstance(DelegatingConstructorAccessorImpl.java:45)
	at java.lang.reflect.Constructor.newInstance(Constructor.java:423)
	at org.openqa.selenium.remote.codec.w3c.W3CHttpResponseCodec.createException(W3CHttpResponseCodec.java:200)
	at org.openqa.selenium.remote.codec.w3c.W3CHttpResponseCodec.decode(W3CHttpResponseCodec.java:133)
	at org.openqa.selenium.remote.codec.w3c.W3CHttpResponseCodec.decode(W3CHttpResponseCodec.java:53)
	at org.openqa.selenium.remote.HttpCommandExecutor.execute(HttpCommandExecutor.java:184)
	at org.openqa.selenium.remote.service.DriverCommandExecutor.invokeExecute(DriverCommandExecutor.java:167)
	at org.openqa.selenium.remote.service.DriverCommandExecutor.execute(DriverCommandExecutor.java:142)
	at org.openqa.selenium.remote.RemoteWebDriver.execute(RemoteWebDriver.java:567)
	at org.openqa.selenium.remote.RemoteWebElement.execute(RemoteWebElement.java:251)
	at org.openqa.selenium.remote.RemoteWebElement.click(RemoteWebElement.java:77)
	at org.example.StepDefinition.D10_WishStepDef.click_on_HTC_One_M8_Android(D10_WishStepDef.java:15)
	at ✽.click on HTC_One_M8_Android(file:///C:/Users/Mohamed/IdeaProjects/demoNopcommerceProject/src/main/resources/features/F10_Wish.feature:12)
]]></failure>
</testcase>
<testcase classname="Slider|| user could click on page sliders" name="user could click on page sliders" time="55.155">
<failure message="Error in product link expected [true] but found [false]" type="java.lang.AssertionError"><![CDATA[Given user navigate to Home page............................................passed
And user click on login.....................................................passed
When user enter valid "test133@gmail.com" and valid "Qwert6613".............passed
And user clicks login button................................................passed
Then user logged in successfully............................................passed
When user click on buton_one and click on slider_one........................passed
And should navigated to the slider_product_one page.........................failed
When user click on buton_two and click on slider_two........................skipped
And should navigated to the slider_product_two page.........................skipped

StackTrace:
java.lang.AssertionError: Error in product link expected [true] but found [false]
	at org.testng.Assert.fail(Assert.java:110)
	at org.testng.Assert.failNotEquals(Assert.java:1413)
	at org.testng.Assert.assertTrue(Assert.java:56)
	at org.example.StepDefinition.D11_SliderStepDef.navigated_slider_product_one(D11_SliderStepDef.java:22)
	at ✽.should navigated to the slider_product_one page(file:///C:/Users/Mohamed/IdeaProjects/demoNopcommerceProject/src/main/resources/features/F11_Slider.feature:13)
]]></failure>
</testcase>
<testcase classname="Follow Us|| user could follow site social accounts" name="User Follow Facebook" time="68.165">
<system-out><![CDATA[Given user navigate to Home page............................................passed
And user click on login.....................................................passed
When user enter valid "test133@gmail.com" and valid "Qwert6613".............passed
And user clicks login button................................................passed
Then user logged in successfully............................................passed
When user click on facebook.................................................passed
Then navigated to facebook "https://www.facebook.com/nopCommerce"...........passed
]]></system-out>
</testcase>
<testcase classname="Follow Us|| user could follow site social accounts" name="User Follow Twitter" time="78.64">
<system-out><![CDATA[Given user navigate to Home page............................................passed
And user click on login.....................................................passed
When user enter valid "test133@gmail.com" and valid "Qwert6613".............passed
And user clicks login button................................................passed
Then user logged in successfully............................................passed
When user click on twitter..................................................passed
Then navigated to twitter "https://twitter.com/nopCommerce".................passed
]]></system-out>
</testcase>
<testcase classname="Follow Us|| user could follow site social accounts" name="User Follow rss" time="46.878">
<failure message="Index: 1, Size: 1" type="java.lang.IndexOutOfBoundsException"><![CDATA[Given user navigate to Home page............................................passed
And user click on login.....................................................passed
When user enter valid "test133@gmail.com" and valid "Qwert6613".............passed
And user clicks login button................................................passed
Then user logged in successfully............................................passed
When user click on rss......................................................failed
Then navigated to rss "https://demo.nopcommerce.com/nopcommerce-new-release".skipped

StackTrace:
java.lang.IndexOutOfBoundsException: Index: 1, Size: 1
	at java.util.ArrayList.rangeCheck(ArrayList.java:659)
	at java.util.ArrayList.get(ArrayList.java:435)
	at org.example.StepDefinition.D12_FollowUsStepDef.click_rss(D12_FollowUsStepDef.java:54)
	at ✽.user click on rss(file:///C:/Users/Mohamed/IdeaProjects/demoNopcommerceProject/src/main/resources/features/F12_FollowUs.feature:20)
]]></failure>
</testcase>
<testcase classname="Follow Us|| user could follow site social accounts" name="User Follow youtube" time="109.996">
<system-out><![CDATA[Given user navigate to Home page............................................passed
And user click on login.....................................................passed
When user enter valid "test133@gmail.com" and valid "Qwert6613".............passed
And user clicks login button................................................passed
Then user logged in successfully............................................passed
When user click on youtube..................................................passed
Then navigated to youtube "https://www.youtube.com/user/nopCommerce"........passed
]]></system-out>
</testcase>
</testsuite>
