<?xml version="1.0" encoding="UTF-8"?>
<!-- Generated by org.testng.reporters.JUnitReportReporter -->
<testsuite skipped="0" hostname="NaYeL" name="org.example.Runner.Runner" tests="22" failures="1" timestamp="2022-06-20T14:51:39 EET" time="1432.601" errors="2">
  <testcase name="runScenario" time="100.750" classname="org.example.Runner.Runner"/>
  <system-out/>
  <testcase name="runScenario" time="66.673" classname="org.example.Runner.Runner"/>
  <system-out/>
  <testcase name="runScenario" time="70.192" classname="org.example.Runner.Runner"/>
  <system-out/>
  <testcase name="runScenario" time="55.198" classname="org.example.Runner.Runner">
    <failure type="java.lang.AssertionError" message="Error in product link expected [true] but found [false]">
      <![CDATA[java.lang.AssertionError: Error in product link expected [true] but found [false]
at org.testng.Assert.fail(Assert.java:110)
at org.testng.Assert.failNotEquals(Assert.java:1413)
at org.testng.Assert.assertTrue(Assert.java:56)
at org.example.StepDefinition.D11_SliderStepDef.navigated_slider_product_one(D11_SliderStepDef.java:22)
at ✽.should navigated to the slider_product_one page(file:///C:/Users/Mohamed/IdeaProjects/demoNopcommerceProject/src/main/resources/features/F11_Slider.feature:13)
]]>
    </failure>
  </testcase> <!-- runScenario -->
  <system-out/>
  <testcase name="runScenario" time="71.533" classname="org.example.Runner.Runner"/>
  <system-out/>
  <testcase name="runScenario" time="68.227" classname="org.example.Runner.Runner"/>
  <system-out/>
  <testcase name="runScenario" time="56.329" classname="org.example.Runner.Runner"/>
  <system-out/>
  <testcase name="runScenario" time="72.542" classname="org.example.Runner.Runner"/>
  <system-out/>
  <testcase name="runScenario" time="38.670" classname="org.example.Runner.Runner"/>
  <system-out/>
  <testcase name="runScenario" time="78.675" classname="org.example.Runner.Runner"/>
  <system-out/>
  <testcase name="runScenario" time="51.087" classname="org.example.Runner.Runner"/>
  <system-out/>
  <testcase name="runScenario" time="52.044" classname="org.example.Runner.Runner">
    <error type="org.openqa.selenium.ElementNotInteractableException" message="element not interactable
  (Session info: chrome=102.0.5005.115)
Build info: version: &#039;4.1.4&#039;, revision: &#039;535d840ee2&#039;
System info: host: &#039;NAYEL&#039;, ip: &#039;172.20.32.1&#039;, os.name: &#039;Windows 11&#039;, os.arch: &#039;amd64&#039;, os.version: &#039;10.0&#039;, java.version: &#039;1.8.0_333&#039;
Driver info: org.openqa.selenium.chrome.ChromeDriver
Command: [a7bdfe9252e8666c37fba3c543457432, clickElement {id=5ec59970-662c-47a7-9272-afc03a8c660f}]
Capabilities {acceptInsecureCerts: false, browserName: chrome, browserVersion: 102.0.5005.115, chrome: {chromedriverVersion: 102.0.5005.61 (0e59bcc00cc4..., userDataDir: C:\Users\Mohamed\AppData\Lo...}, goog:chromeOptions: {debuggerAddress: localhost:51756}, javascriptEnabled: true, networkConnectionEnabled: false, pageLoadStrategy: normal, platform: WINDOWS, platformName: WINDOWS, proxy: Proxy(), se:cdp: ws://localhost:51756/devtoo..., se:cdpVersion: 102.0.5005.115, setWindowRect: true, strictFileInteractability: false, timeouts: {implicit: 0, pageLoad: 300000, script: 30000}, unhandledPromptBehavior: dismiss and notify, webauthn:extension:credBlob: true, webauthn:extension:largeBlob: true, webauthn:virtualAuthenticators: true}
Element: [[ChromeDriver: chrome on WINDOWS (a7bdfe9252e8666c37fba3c543457432)] -&gt; css selector: a[href=&quot;/htc-one-m8-android-l-50-lollipop&quot;]]
Session ID: a7bdfe9252e8666c37fba3c543457432">
      <![CDATA[org.openqa.selenium.ElementNotInteractableException: element not interactable
  (Session info: chrome=102.0.5005.115)
Build info: version: '4.1.4', revision: '535d840ee2'
System info: host: 'NAYEL', ip: '172.20.32.1', os.name: 'Windows 11', os.arch: 'amd64', os.version: '10.0', java.version: '1.8.0_333'
Driver info: org.openqa.selenium.chrome.ChromeDriver
Command: [a7bdfe9252e8666c37fba3c543457432, clickElement {id=5ec59970-662c-47a7-9272-afc03a8c660f}]
Capabilities {acceptInsecureCerts: false, browserName: chrome, browserVersion: 102.0.5005.115, chrome: {chromedriverVersion: 102.0.5005.61 (0e59bcc00cc4..., userDataDir: C:\Users\Mohamed\AppData\Lo...}, goog:chromeOptions: {debuggerAddress: localhost:51756}, javascriptEnabled: true, networkConnectionEnabled: false, pageLoadStrategy: normal, platform: WINDOWS, platformName: WINDOWS, proxy: Proxy(), se:cdp: ws://localhost:51756/devtoo..., se:cdpVersion: 102.0.5005.115, setWindowRect: true, strictFileInteractability: false, timeouts: {implicit: 0, pageLoad: 300000, script: 30000}, unhandledPromptBehavior: dismiss and notify, webauthn:extension:credBlob: true, webauthn:extension:largeBlob: true, webauthn:virtualAuthenticators: true}
Element: [[ChromeDriver: chrome on WINDOWS (a7bdfe9252e8666c37fba3c543457432)] -> css selector: a[href="/htc-one-m8-android-l-50-lollipop"]]
Session ID: a7bdfe9252e8666c37fba3c543457432
at sun.reflect.NativeConstructorAccessorImpl.newInstance0(Native Method)
at sun.reflect.NativeConstructorAccessorImpl.newInstance(NativeConstructorAccessorImpl.java:62)
at sun.reflect.DelegatingConstructorAccessorImpl.newInstance(DelegatingConstructorAccessorImpl.java:45)
at java.lang.reflect.Constructor.newInstance(Constructor.java:423)
at org.openqa.selenium.remote.codec.w3c.W3CHttpResponseCodec.createException(W3CHttpResponseCodec.java:200)
at org.openqa.selenium.remote.codec.w3c.W3CHttpResponseCodec.decode(W3CHttpResponseCodec.java:133)
at org.openqa.selenium.remote.codec.w3c.W3CHttpResponseCodec.decode(W3CHttpResponseCodec.java:53)
at org.openqa.selenium.remote.HttpCommandExecutor.execute(HttpCommandExecutor.java:184)
at org.openqa.selenium.remote.service.DriverCommandExecutor.invokeExecute(DriverCommandExecutor.java:167)
at org.openqa.selenium.remote.service.DriverCommandExecutor.execute(DriverCommandExecutor.java:142)
at org.openqa.selenium.remote.RemoteWebDriver.execute(RemoteWebDriver.java:567)
at org.openqa.selenium.remote.RemoteWebElement.execute(RemoteWebElement.java:251)
at org.openqa.selenium.remote.RemoteWebElement.click(RemoteWebElement.java:77)
at org.example.StepDefinition.D10_WishStepDef.click_on_HTC_One_M8_Android(D10_WishStepDef.java:15)
at ✽.click on HTC_One_M8_Android(file:///C:/Users/Mohamed/IdeaProjects/demoNopcommerceProject/src/main/resources/features/F10_Wish.feature:12)
]]>
    </error>
  </testcase> <!-- runScenario -->
  <system-out/>
  <testcase name="runScenario" time="57.279" classname="org.example.Runner.Runner"/>
  <system-out/>
  <testcase name="runScenario" time="78.402" classname="org.example.Runner.Runner"/>
  <system-out/>
  <testcase name="runScenario" time="77.475" classname="org.example.Runner.Runner"/>
  <system-out/>
  <testcase name="runScenario" time="37.690" classname="org.example.Runner.Runner"/>
  <system-out/>
  <testcase name="runScenario" time="41.695" classname="org.example.Runner.Runner"/>
  <system-out/>
  <testcase name="runScenario" time="110.019" classname="org.example.Runner.Runner"/>
  <system-out/>
  <testcase name="runScenario" time="69.464" classname="org.example.Runner.Runner"/>
  <system-out/>
  <testcase name="runScenario" time="54.289" classname="org.example.Runner.Runner"/>
  <system-out/>
  <testcase name="runScenario" time="46.907" classname="org.example.Runner.Runner">
    <error type="java.lang.IndexOutOfBoundsException" message="Index: 1, Size: 1">
      <![CDATA[java.lang.IndexOutOfBoundsException: Index: 1, Size: 1
at java.util.ArrayList.rangeCheck(ArrayList.java:659)
at java.util.ArrayList.get(ArrayList.java:435)
at org.example.StepDefinition.D12_FollowUsStepDef.click_rss(D12_FollowUsStepDef.java:54)
at ✽.user click on rss(file:///C:/Users/Mohamed/IdeaProjects/demoNopcommerceProject/src/main/resources/features/F12_FollowUs.feature:20)
]]>
    </error>
  </testcase> <!-- runScenario -->
  <system-out/>
  <testcase name="runScenario" time="77.461" classname="org.example.Runner.Runner"/>
  <system-out/>
</testsuite> <!-- org.example.Runner.Runner -->
